# JRE version: Java(TM) SE Runtime Environment (8.0_60-b27) (build 1.8.0_60-b27)
# Java VM: Java HotSpot(TM) 64-Bit Server VM (25.60-b23 mixed mode windows-amd64 compressed oops)
Heap:
 PSYoungGen      total 4096K, used 102K [0x00000000e0900000, 0x00000000e1200000, 0x0000000100000000)
  eden space 2560K, 3% used [0x00000000e0900000,0x00000000e0919980,0x00000000e0b80000)
  from space 1536K, 0% used [0x00000000e0b80000,0x00000000e0b80000,0x00000000e0d00000)
  to   space 2560K, 0% used [0x00000000e0f80000,0x00000000e0f80000,0x00000000e1200000)
 ParOldGen       total 7680K, used 4036K [0x00000000a1a00000, 0x00000000a2180000, 0x00000000e0900000)
  object space 7680K, 52% used [0x00000000a1a00000,0x00000000a1df12c8,0x00000000a2180000)
 Metaspace       used 7280K, capacity 8180K, committed 8448K, reserved 1056768K
  class space    used 890K, capacity 944K, committed 1024K, reserved 1048576K
GC Heap History (10 events):
Event: 3.391 GC heap before
{Heap before GC invocations=6 (full 0):
 PSYoungGen      total 2048K, used 2032K [0x00000000e0900000, 0x00000000e0c80000, 0x0000000100000000)
  eden space 1536K, 100% used [0x00000000e0900000,0x00000000e0a80000,0x00000000e0a80000)
  from space 512K, 96% used [0x00000000e0a80000,0x00000000e0afc010,0x00000000e0b00000)
  to   space 1024K, 0% used [0x00000000e0b80000,0x00000000e0b80000,0x00000000e0c80000)
 ParOldGen       total 5632K, used 624K [0x00000000a1a00000, 0x00000000a1f80000, 0x00000000e0900000)
  object space 5632K, 11% used [0x00000000a1a00000,0x00000000a1a9c020,0x00000000a1f80000)
 Metaspace       used 6193K, capacity 7404K, committed 7552K, reserved 1056768K
  class space    used 774K, capacity 808K, committed 896K, reserved 1048576K
Event: 3.394 GC heap after
Heap after GC invocations=6 (full 0):
 PSYoungGen      total 2560K, used 896K [0x00000000e0900000, 0x00000000e0e00000, 0x0000000100000000)
  eden space 1536K, 0% used [0x00000000e0900000,0x00000000e0900000,0x00000000e0a80000)
  from space 1024K, 87% used [0x00000000e0b80000,0x00000000e0c60000,0x00000000e0c80000)
  to   space 1024K, 0% used [0x00000000e0a80000,0x00000000e0a80000,0x00000000e0b80000)
 ParOldGen       total 5632K, used 632K [0x00000000a1a00000, 0x00000000a1f80000, 0x00000000e0900000)
  object space 5632K, 11% used [0x00000000a1a00000,0x00000000a1a9e020,0x00000000a1f80000)
 Metaspace       used 6193K, capacity 7404K, committed 7552K, reserved 1056768K
  class space    used 774K, capacity 808K, committed 896K, reserved 1048576K
}
Event: 3.730 GC heap before
{Heap before GC invocations=7 (full 0):
 PSYoungGen      total 2560K, used 2432K [0x00000000e0900000, 0x00000000e0e00000, 0x0000000100000000)
  eden space 1536K, 100% used [0x00000000e0900000,0x00000000e0a80000,0x00000000e0a80000)
  from space 1024K, 87% used [0x00000000e0b80000,0x00000000e0c60000,0x00000000e0c80000)
  to   space 1024K, 0% used [0x00000000e0a80000,0x00000000e0a80000,0x00000000e0b80000)
 ParOldGen       total 5632K, used 632K [0x00000000a1a00000, 0x00000000a1f80000, 0x00000000e0900000)
  object space 5632K, 11% used [0x00000000a1a00000,0x00000000a1a9e020,0x00000000a1f80000)
 Metaspace       used 7032K, capacity 7988K, committed 8064K, reserved 1056768K
  class space    used 873K, capacity 880K, committed 896K, reserved 1048576K
Event: 3.735 GC heap after
Heap after GC invocations=7 (full 0):
 PSYoungGen      total 2560K, used 608K [0x00000000e0900000, 0x00000000e0e00000, 0x0000000100000000)
  eden space 1536K, 0% used [0x00000000e0900000,0x00000000e0900000,0x00000000e0a80000)
  from space 1024K, 59% used [0x00000000e0a80000,0x00000000e0b18000,0x00000000e0b80000)
  to   space 1024K, 0% used [0x00000000e0d00000,0x00000000e0d00000,0x00000000e0e00000)
 ParOldGen       total 5632K, used 1024K [0x00000000a1a00000, 0x00000000a1f80000, 0x00000000e0900000)
  object space 5632K, 18% used [0x00000000a1a00000,0x00000000a1b00388,0x00000000a1f80000)
 Metaspace       used 7032K, capacity 7988K, committed 8064K, reserved 1056768K
  class space    used 873K, capacity 880K, committed 896K, reserved 1048576K
}
Event: 4.214 GC heap before
{Heap before GC invocations=8 (full 0):
 PSYoungGen      total 2560K, used 2144K [0x00000000e0900000, 0x00000000e0e00000, 0x0000000100000000)
  eden space 1536K, 100% used [0x00000000e0900000,0x00000000e0a80000,0x00000000e0a80000)
  from space 1024K, 59% used [0x00000000e0a80000,0x00000000e0b18000,0x00000000e0b80000)
  to   space 1024K, 0% used [0x00000000e0d00000,0x00000000e0d00000,0x00000000e0e00000)
 ParOldGen       total 5632K, used 2530K [0x00000000a1a00000, 0x00000000a1f80000, 0x00000000e0900000)
  object space 5632K, 44% used [0x00000000a1a00000,0x00000000a1c78ae0,0x00000000a1f80000)
 Metaspace       used 7265K, capacity 8180K, committed 8448K, reserved 1056768K
  class space    used 889K, capacity 944K, committed 1024K, reserved 1048576K
Event: 4.218 GC heap after
Heap after GC invocations=8 (full 0):
 PSYoungGen      total 3584K, used 1024K [0x00000000e0900000, 0x00000000e0f00000, 0x0000000100000000)
  eden space 2560K, 0% used [0x00000000e0900000,0x00000000e0900000,0x00000000e0b80000)
  from space 1024K, 100% used [0x00000000e0d00000,0x00000000e0e00000,0x00000000e0e00000)
  to   space 1536K, 0% used [0x00000000e0b80000,0x00000000e0b80000,0x00000000e0d00000)
 ParOldGen       total 5632K, used 2900K [0x00000000a1a00000, 0x00000000a1f80000, 0x00000000e0900000)
  object space 5632K, 51% used [0x00000000a1a00000,0x00000000a1cd5378,0x00000000a1f80000)
 Metaspace       used 7265K, capacity 8180K, committed 8448K, reserved 1056768K
  class space    used 889K, capacity 944K, committed 1024K, reserved 1048576K
}
Event: 4.303 GC heap before
{Heap before GC invocations=9 (full 0):
 PSYoungGen      total 3584K, used 3584K [0x00000000e0900000, 0x00000000e0f00000, 0x0000000100000000)
  eden space 2560K, 100% used [0x00000000e0900000,0x00000000e0b80000,0x00000000e0b80000)
  from space 1024K, 100% used [0x00000000e0d00000,0x00000000e0e00000,0x00000000e0e00000)
  to   space 1536K, 0% used [0x00000000e0b80000,0x00000000e0b80000,0x00000000e0d00000)
 ParOldGen       total 5632K, used 2900K [0x00000000a1a00000, 0x00000000a1f80000, 0x00000000e0900000)
  object space 5632K, 51% used [0x00000000a1a00000,0x00000000a1cd5378,0x00000000a1f80000)
 Metaspace       used 7280K, capacity 8180K, committed 8448K, reserved 1056768K
  class space    used 890K, capacity 944K, committed 1024K, reserved 1048576K
Event: 4.307 GC heap after
Heap after GC invocations=9 (full 0):
 PSYoungGen      total 4096K, used 1511K [0x00000000e0900000, 0x00000000e1200000, 0x0000000100000000)
  eden space 2560K, 0% used [0x00000000e0900000,0x00000000e0900000,0x00000000e0b80000)
  from space 1536K, 98% used [0x00000000e0b80000,0x00000000e0cf9e58,0x00000000e0d00000)
  to   space 2560K, 0% used [0x00000000e0f80000,0x00000000e0f80000,0x00000000e1200000)
 ParOldGen       total 5632K, used 4482K [0x00000000a1a00000, 0x00000000a1f80000, 0x00000000e0900000)
  object space 5632K, 79% used [0x00000000a1a00000,0x00000000a1e60868,0x00000000a1f80000)
 Metaspace       used 7280K, capacity 8180K, committed 8448K, reserved 1056768K
  class space    used 890K, capacity 944K, committed 1024K, reserved 1048576K
}
Event: 4.307 GC heap before
{Heap before GC invocations=10 (full 1):
 PSYoungGen      total 4096K, used 1511K [0x00000000e0900000, 0x00000000e1200000, 0x0000000100000000)
  eden space 2560K, 0% used [0x00000000e0900000,0x00000000e0900000,0x00000000e0b80000)
  from space 1536K, 98% used [0x00000000e0b80000,0x00000000e0cf9e58,0x00000000e0d00000)
  to   space 2560K, 0% used [0x00000000e0f80000,0x00000000e0f80000,0x00000000e1200000)
 ParOldGen       total 5632K, used 4482K [0x00000000a1a00000, 0x00000000a1f80000, 0x00000000e0900000)
  object space 5632K, 79% used [0x00000000a1a00000,0x00000000a1e60868,0x00000000a1f80000)
 Metaspace       used 7280K, capacity 8180K, committed 8448K, reserved 1056768K
  class space    used 890K, capacity 944K, committed 1024K, reserved 1048576K
Event: 4.342 GC heap after
Heap after GC invocations=10 (full 1):
 PSYoungGen      total 4096K, used 0K [0x00000000e0900000, 0x00000000e1200000, 0x0000000100000000)
  eden space 2560K, 0% used [0x00000000e0900000,0x00000000e0900000,0x00000000e0b80000)
  from space 1536K, 0% used [0x00000000e0b80000,0x00000000e0b80000,0x00000000e0d00000)
  to   space 2560K, 0% used [0x00000000e0f80000,0x00000000e0f80000,0x00000000e1200000)
 ParOldGen       total 7680K, used 4036K [0x00000000a1a00000, 0x00000000a2180000, 0x00000000e0900000)
  object space 7680K, 52% used [0x00000000a1a00000,0x00000000a1df12c8,0x00000000a2180000)
 Metaspace       used 7280K, capacity 8180K, committed 8448K, reserved 1056768K
  class space    used 890K, capacity 944K, committed 1024K, reserved 1048576K
}

