# JRE version: Java(TM) SE Runtime Environment (8.0_60-b27) (build 1.8.0_60-b27)
# Java VM: Java HotSpot(TM) 64-Bit Server VM (25.60-b23 mixed mode windows-amd64 compressed oops)
Heap:
 PSYoungGen      total 13824K, used 4108K [0x00000000e0900000, 0x00000000e1b00000, 0x0000000100000000)
  eden space 10752K, 9% used [0x00000000e0900000,0x00000000e0a09fb0,0x00000000e1380000)
  from space 3072K, 99% used [0x00000000e1700000,0x00000000e19f9258,0x00000000e1a00000)
  to   space 3584K, 0% used [0x00000000e1380000,0x00000000e1380000,0x00000000e1700000)
 ParOldGen       total 5632K, used 3329K [0x00000000a1a00000, 0x00000000a1f80000, 0x00000000e0900000)
  object space 5632K, 59% used [0x00000000a1a00000,0x00000000a1d404c8,0x00000000a1f80000)
 Metaspace       used 7495K, capacity 8372K, committed 8704K, reserved 1056768K
  class space    used 907K, capacity 944K, committed 1024K, reserved 1048576K
GC Heap History (10 events):
Event: 1.994 GC heap before
{Heap before GC invocations=4 (full 0):
 PSYoungGen      total 2048K, used 2032K [0x00000000e0900000, 0x00000000e0d00000, 0x0000000100000000)
  eden space 1536K, 100% used [0x00000000e0900000,0x00000000e0a80000,0x00000000e0a80000)
  from space 512K, 96% used [0x00000000e0a80000,0x00000000e0afc010,0x00000000e0b00000)
  to   space 512K, 0% used [0x00000000e0c80000,0x00000000e0c80000,0x00000000e0d00000)
 ParOldGen       total 5632K, used 512K [0x00000000a1a00000, 0x00000000a1f80000, 0x00000000e0900000)
  object space 5632K, 9% used [0x00000000a1a00000,0x00000000a1a80020,0x00000000a1f80000)
 Metaspace       used 5111K, capacity 6348K, committed 6656K, reserved 1056768K
  class space    used 618K, capacity 648K, committed 768K, reserved 1048576K
Event: 1.995 GC heap after
Heap after GC invocations=4 (full 0):
 PSYoungGen      total 3584K, used 512K [0x00000000e0900000, 0x00000000e0d00000, 0x0000000100000000)
  eden space 3072K, 0% used [0x00000000e0900000,0x00000000e0900000,0x00000000e0c00000)
  from space 512K, 100% used [0x00000000e0c80000,0x00000000e0d00000,0x00000000e0d00000)
  to   space 512K, 0% used [0x00000000e0c00000,0x00000000e0c00000,0x00000000e0c80000)
 ParOldGen       total 5632K, used 540K [0x00000000a1a00000, 0x00000000a1f80000, 0x00000000e0900000)
  object space 5632K, 9% used [0x00000000a1a00000,0x00000000a1a87030,0x00000000a1f80000)
 Metaspace       used 5111K, capacity 6348K, committed 6656K, reserved 1056768K
  class space    used 618K, capacity 648K, committed 768K, reserved 1048576K
}
Event: 2.200 GC heap before
{Heap before GC invocations=5 (full 0):
 PSYoungGen      total 3584K, used 3584K [0x00000000e0900000, 0x00000000e0d00000, 0x0000000100000000)
  eden space 3072K, 100% used [0x00000000e0900000,0x00000000e0c00000,0x00000000e0c00000)
  from space 512K, 100% used [0x00000000e0c80000,0x00000000e0d00000,0x00000000e0d00000)
  to   space 512K, 0% used [0x00000000e0c00000,0x00000000e0c00000,0x00000000e0c80000)
 ParOldGen       total 5632K, used 540K [0x00000000a1a00000, 0x00000000a1f80000, 0x00000000e0900000)
  object space 5632K, 9% used [0x00000000a1a00000,0x00000000a1a87030,0x00000000a1f80000)
 Metaspace       used 6189K, capacity 7404K, committed 7552K, reserved 1056768K
  class space    used 772K, capacity 808K, committed 896K, reserved 1048576K
Event: 2.203 GC heap after
Heap after GC invocations=5 (full 0):
 PSYoungGen      total 3584K, used 480K [0x00000000e0900000, 0x00000000e1100000, 0x0000000100000000)
  eden space 3072K, 0% used [0x00000000e0900000,0x00000000e0900000,0x00000000e0c00000)
  from space 512K, 93% used [0x00000000e0c00000,0x00000000e0c78020,0x00000000e0c80000)
  to   space 1024K, 0% used [0x00000000e1000000,0x00000000e1000000,0x00000000e1100000)
 ParOldGen       total 5632K, used 933K [0x00000000a1a00000, 0x00000000a1f80000, 0x00000000e0900000)
  object space 5632K, 16% used [0x00000000a1a00000,0x00000000a1ae9540,0x00000000a1f80000)
 Metaspace       used 6189K, capacity 7404K, committed 7552K, reserved 1056768K
  class space    used 772K, capacity 808K, committed 896K, reserved 1048576K
}
Event: 2.883 GC heap before
{Heap before GC invocations=6 (full 0):
 PSYoungGen      total 3584K, used 3299K [0x00000000e0900000, 0x00000000e1100000, 0x0000000100000000)
  eden space 3072K, 91% used [0x00000000e0900000,0x00000000e0bc0f20,0x00000000e0c00000)
  from space 512K, 93% used [0x00000000e0c00000,0x00000000e0c78020,0x00000000e0c80000)
  to   space 1024K, 0% used [0x00000000e1000000,0x00000000e1000000,0x00000000e1100000)
 ParOldGen       total 5632K, used 933K [0x00000000a1a00000, 0x00000000a1f80000, 0x00000000e0900000)
  object space 5632K, 16% used [0x00000000a1a00000,0x00000000a1ae9540,0x00000000a1f80000)
 Metaspace       used 7252K, capacity 8180K, committed 8448K, reserved 1056768K
  class space    used 888K, capacity 944K, committed 1024K, reserved 1048576K
Event: 2.888 GC heap after
Heap after GC invocations=6 (full 0):
 PSYoungGen      total 6656K, used 1008K [0x00000000e0900000, 0x00000000e1200000, 0x0000000100000000)
  eden space 5632K, 0% used [0x00000000e0900000,0x00000000e0900000,0x00000000e0e80000)
  from space 1024K, 98% used [0x00000000e1000000,0x00000000e10fc010,0x00000000e1100000)
  to   space 1536K, 0% used [0x00000000e0e80000,0x00000000e0e80000,0x00000000e1000000)
 ParOldGen       total 5632K, used 1132K [0x00000000a1a00000, 0x00000000a1f80000, 0x00000000e0900000)
  object space 5632K, 20% used [0x00000000a1a00000,0x00000000a1b1b180,0x00000000a1f80000)
 Metaspace       used 7252K, capacity 8180K, committed 8448K, reserved 1056768K
  class space    used 888K, capacity 944K, committed 1024K, reserved 1048576K
}
Event: 3.003 GC heap before
{Heap before GC invocations=7 (full 0):
 PSYoungGen      total 6656K, used 6201K [0x00000000e0900000, 0x00000000e1200000, 0x0000000100000000)
  eden space 5632K, 92% used [0x00000000e0900000,0x00000000e0e12560,0x00000000e0e80000)
  from space 1024K, 98% used [0x00000000e1000000,0x00000000e10fc010,0x00000000e1100000)
  to   space 1536K, 0% used [0x00000000e0e80000,0x00000000e0e80000,0x00000000e1000000)
 ParOldGen       total 5632K, used 1132K [0x00000000a1a00000, 0x00000000a1f80000, 0x00000000e0900000)
  object space 5632K, 20% used [0x00000000a1a00000,0x00000000a1b1b180,0x00000000a1f80000)
 Metaspace       used 7270K, capacity 8180K, committed 8448K, reserved 1056768K
  class space    used 889K, capacity 944K, committed 1024K, reserved 1048576K
Event: 3.009 GC heap after
Heap after GC invocations=7 (full 0):
 PSYoungGen      total 7168K, used 1527K [0x00000000e0900000, 0x00000000e1a00000, 0x0000000100000000)
  eden space 5632K, 0% used [0x00000000e0900000,0x00000000e0900000,0x00000000e0e80000)
  from space 1536K, 99% used [0x00000000e0e80000,0x00000000e0ffddd8,0x00000000e1000000)
  to   space 3072K, 0% used [0x00000000e1700000,0x00000000e1700000,0x00000000e1a00000)
 ParOldGen       total 5632K, used 3233K [0x00000000a1a00000, 0x00000000a1f80000, 0x00000000e0900000)
  object space 5632K, 57% used [0x00000000a1a00000,0x00000000a1d284c8,0x00000000a1f80000)
 Metaspace       used 7270K, capacity 8180K, committed 8448K, reserved 1056768K
  class space    used 889K, capacity 944K, committed 1024K, reserved 1048576K
}
Event: 3.117 GC heap before
{Heap before GC invocations=8 (full 0):
 PSYoungGen      total 7168K, used 7159K [0x00000000e0900000, 0x00000000e1a00000, 0x0000000100000000)
  eden space 5632K, 100% used [0x00000000e0900000,0x00000000e0e80000,0x00000000e0e80000)
  from space 1536K, 99% used [0x00000000e0e80000,0x00000000e0ffddd8,0x00000000e1000000)
  to   space 3072K, 0% used [0x00000000e1700000,0x00000000e1700000,0x00000000e1a00000)
 ParOldGen       total 5632K, used 3233K [0x00000000a1a00000, 0x00000000a1f80000, 0x00000000e0900000)
  object space 5632K, 57% used [0x00000000a1a00000,0x00000000a1d284c8,0x00000000a1f80000)
 Metaspace       used 7473K, capacity 8308K, committed 8448K, reserved 1056768K
  class space    used 907K, capacity 944K, committed 1024K, reserved 1048576K
Event: 3.122 GC heap after
Heap after GC invocations=8 (full 0):
 PSYoungGen      total 13824K, used 3044K [0x00000000e0900000, 0x00000000e1b00000, 0x0000000100000000)
  eden space 10752K, 0% used [0x00000000e0900000,0x00000000e0900000,0x00000000e1380000)
  from space 3072K, 99% used [0x00000000e1700000,0x00000000e19f9258,0x00000000e1a00000)
  to   space 3584K, 0% used [0x00000000e1380000,0x00000000e1380000,0x00000000e1700000)
 ParOldGen       total 5632K, used 3329K [0x00000000a1a00000, 0x00000000a1f80000, 0x00000000e0900000)
  object space 5632K, 59% used [0x00000000a1a00000,0x00000000a1d404c8,0x00000000a1f80000)
 Metaspace       used 7473K, capacity 8308K, committed 8448K, reserved 1056768K
  class space    used 907K, capacity 944K, committed 1024K, reserved 1048576K
}

