# JRE version: Java(TM) SE Runtime Environment (8.0_60-b27) (build 1.8.0_60-b27)
# Java VM: Java HotSpot(TM) 64-Bit Server VM (25.60-b23 mixed mode windows-amd64 compressed oops)
Heap:
 PSYoungGen      total 8192K, used 1113K [0x00000000e0900000, 0x00000000e1500000, 0x0000000100000000)
  eden space 5120K, 12% used [0x00000000e0900000,0x00000000e099d8b0,0x00000000e0e00000)
  from space 3072K, 15% used [0x00000000e1200000,0x00000000e1278ea0,0x00000000e1500000)
  to   space 1536K, 0% used [0x00000000e0e00000,0x00000000e0e00000,0x00000000e0f80000)
 ParOldGen       total 5632K, used 5348K [0x00000000a1a00000, 0x00000000a1f80000, 0x00000000e0900000)
  object space 5632K, 94% used [0x00000000a1a00000,0x00000000a1f390e8,0x00000000a1f80000)
 Metaspace       used 7420K, capacity 8308K, committed 8448K, reserved 1056768K
  class space    used 903K, capacity 944K, committed 1024K, reserved 1048576K
GC Heap History (10 events):
Event: 2.269 GC heap before
{Heap before GC invocations=5 (full 0):
 PSYoungGen      total 3584K, used 3584K [0x00000000e0900000, 0x00000000e0d00000, 0x0000000100000000)
  eden space 3072K, 100% used [0x00000000e0900000,0x00000000e0c00000,0x00000000e0c00000)
  from space 512K, 100% used [0x00000000e0c80000,0x00000000e0d00000,0x00000000e0d00000)
  to   space 512K, 0% used [0x00000000e0c00000,0x00000000e0c00000,0x00000000e0c80000)
 ParOldGen       total 5632K, used 548K [0x00000000a1a00000, 0x00000000a1f80000, 0x00000000e0900000)
  object space 5632K, 9% used [0x00000000a1a00000,0x00000000a1a89030,0x00000000a1f80000)
 Metaspace       used 6190K, capacity 7404K, committed 7552K, reserved 1056768K
  class space    used 772K, capacity 808K, committed 896K, reserved 1048576K
Event: 2.270 GC heap after
Heap after GC invocations=5 (full 0):
 PSYoungGen      total 3584K, used 512K [0x00000000e0900000, 0x00000000e1100000, 0x0000000100000000)
  eden space 3072K, 0% used [0x00000000e0900000,0x00000000e0900000,0x00000000e0c00000)
  from space 512K, 100% used [0x00000000e0c00000,0x00000000e0c80000,0x00000000e0c80000)
  to   space 1024K, 0% used [0x00000000e1000000,0x00000000e1000000,0x00000000e1100000)
 ParOldGen       total 5632K, used 897K [0x00000000a1a00000, 0x00000000a1f80000, 0x00000000e0900000)
  object space 5632K, 15% used [0x00000000a1a00000,0x00000000a1ae0550,0x00000000a1f80000)
 Metaspace       used 6190K, capacity 7404K, committed 7552K, reserved 1056768K
  class space    used 772K, capacity 808K, committed 896K, reserved 1048576K
}
Event: 2.972 GC heap before
{Heap before GC invocations=6 (full 0):
 PSYoungGen      total 3584K, used 3326K [0x00000000e0900000, 0x00000000e1100000, 0x0000000100000000)
  eden space 3072K, 91% used [0x00000000e0900000,0x00000000e0bbf920,0x00000000e0c00000)
  from space 512K, 100% used [0x00000000e0c00000,0x00000000e0c80000,0x00000000e0c80000)
  to   space 1024K, 0% used [0x00000000e1000000,0x00000000e1000000,0x00000000e1100000)
 ParOldGen       total 5632K, used 897K [0x00000000a1a00000, 0x00000000a1f80000, 0x00000000e0900000)
  object space 5632K, 15% used [0x00000000a1a00000,0x00000000a1ae0550,0x00000000a1f80000)
 Metaspace       used 7254K, capacity 8180K, committed 8448K, reserved 1056768K
  class space    used 888K, capacity 944K, committed 1024K, reserved 1048576K
Event: 2.977 GC heap after
Heap after GC invocations=6 (full 0):
 PSYoungGen      total 4096K, used 1012K [0x00000000e0900000, 0x00000000e1100000, 0x0000000100000000)
  eden space 3072K, 0% used [0x00000000e0900000,0x00000000e0900000,0x00000000e0c00000)
  from space 1024K, 98% used [0x00000000e1000000,0x00000000e10fd010,0x00000000e1100000)
  to   space 1536K, 0% used [0x00000000e0e00000,0x00000000e0e00000,0x00000000e0f80000)
 ParOldGen       total 5632K, used 1096K [0x00000000a1a00000, 0x00000000a1f80000, 0x00000000e0900000)
  object space 5632K, 19% used [0x00000000a1a00000,0x00000000a1b12190,0x00000000a1f80000)
 Metaspace       used 7254K, capacity 8180K, committed 8448K, reserved 1056768K
  class space    used 888K, capacity 944K, committed 1024K, reserved 1048576K
}
Event: 3.303 GC heap before
{Heap before GC invocations=7 (full 0):
 PSYoungGen      total 4096K, used 4084K [0x00000000e0900000, 0x00000000e1100000, 0x0000000100000000)
  eden space 3072K, 100% used [0x00000000e0900000,0x00000000e0c00000,0x00000000e0c00000)
  from space 1024K, 98% used [0x00000000e1000000,0x00000000e10fd010,0x00000000e1100000)
  to   space 1536K, 0% used [0x00000000e0e00000,0x00000000e0e00000,0x00000000e0f80000)
 ParOldGen       total 5632K, used 1096K [0x00000000a1a00000, 0x00000000a1f80000, 0x00000000e0900000)
  object space 5632K, 19% used [0x00000000a1a00000,0x00000000a1b12190,0x00000000a1f80000)
 Metaspace       used 7258K, capacity 8180K, committed 8448K, reserved 1056768K
  class space    used 888K, capacity 944K, committed 1024K, reserved 1048576K
Event: 3.308 GC heap after
Heap after GC invocations=7 (full 0):
 PSYoungGen      total 6656K, used 1508K [0x00000000e0900000, 0x00000000e1500000, 0x0000000100000000)
  eden space 5120K, 0% used [0x00000000e0900000,0x00000000e0900000,0x00000000e0e00000)
  from space 1536K, 98% used [0x00000000e0e00000,0x00000000e0f79278,0x00000000e0f80000)
  to   space 3072K, 0% used [0x00000000e1200000,0x00000000e1200000,0x00000000e1500000)
 ParOldGen       total 5632K, used 3375K [0x00000000a1a00000, 0x00000000a1f80000, 0x00000000e0900000)
  object space 5632K, 59% used [0x00000000a1a00000,0x00000000a1d4bc10,0x00000000a1f80000)
 Metaspace       used 7258K, capacity 8180K, committed 8448K, reserved 1056768K
  class space    used 888K, capacity 944K, committed 1024K, reserved 1048576K
}
Event: 3.450 GC heap before
{Heap before GC invocations=8 (full 0):
 PSYoungGen      total 6656K, used 6628K [0x00000000e0900000, 0x00000000e1500000, 0x0000000100000000)
  eden space 5120K, 100% used [0x00000000e0900000,0x00000000e0e00000,0x00000000e0e00000)
  from space 1536K, 98% used [0x00000000e0e00000,0x00000000e0f79278,0x00000000e0f80000)
  to   space 3072K, 0% used [0x00000000e1200000,0x00000000e1200000,0x00000000e1500000)
 ParOldGen       total 5632K, used 3375K [0x00000000a1a00000, 0x00000000a1f80000, 0x00000000e0900000)
  object space 5632K, 59% used [0x00000000a1a00000,0x00000000a1d4bc10,0x00000000a1f80000)
 Metaspace       used 7316K, capacity 8180K, committed 8448K, reserved 1056768K
  class space    used 893K, capacity 944K, committed 1024K, reserved 1048576K
Event: 3.459 GC heap after
Heap after GC invocations=8 (full 0):
 PSYoungGen      total 8192K, used 3044K [0x00000000e0900000, 0x00000000e1500000, 0x0000000100000000)
  eden space 5120K, 0% used [0x00000000e0900000,0x00000000e0900000,0x00000000e0e00000)
  from space 3072K, 99% used [0x00000000e1200000,0x00000000e14f9258,0x00000000e1500000)
  to   space 1536K, 0% used [0x00000000e0e00000,0x00000000e0e00000,0x00000000e0f80000)
 ParOldGen       total 5632K, used 4663K [0x00000000a1a00000, 0x00000000a1f80000, 0x00000000e0900000)
  object space 5632K, 82% used [0x00000000a1a00000,0x00000000a1e8dc20,0x00000000a1f80000)
 Metaspace       used 7316K, capacity 8180K, committed 8448K, reserved 1056768K
  class space    used 893K, capacity 944K, committed 1024K, reserved 1048576K
}
Event: 3.459 GC heap before
{Heap before GC invocations=9 (full 1):
 PSYoungGen      total 8192K, used 3044K [0x00000000e0900000, 0x00000000e1500000, 0x0000000100000000)
  eden space 5120K, 0% used [0x00000000e0900000,0x00000000e0900000,0x00000000e0e00000)
  from space 3072K, 99% used [0x00000000e1200000,0x00000000e14f9258,0x00000000e1500000)
  to   space 1536K, 0% used [0x00000000e0e00000,0x00000000e0e00000,0x00000000e0f80000)
 ParOldGen       total 5632K, used 4663K [0x00000000a1a00000, 0x00000000a1f80000, 0x00000000e0900000)
  object space 5632K, 82% used [0x00000000a1a00000,0x00000000a1e8dc20,0x00000000a1f80000)
 Metaspace       used 7316K, capacity 8180K, committed 8448K, reserved 1056768K
  class space    used 893K, capacity 944K, committed 1024K, reserved 1048576K
Event: 3.499 GC heap after
Heap after GC invocations=9 (full 1):
 PSYoungGen      total 8192K, used 483K [0x00000000e0900000, 0x00000000e1500000, 0x0000000100000000)
  eden space 5120K, 0% used [0x00000000e0900000,0x00000000e0900000,0x00000000e0e00000)
  from space 3072K, 15% used [0x00000000e1200000,0x00000000e1278ea0,0x00000000e1500000)
  to   space 1536K, 0% used [0x00000000e0e00000,0x00000000e0e00000,0x00000000e0f80000)
 ParOldGen       total 5632K, used 5348K [0x00000000a1a00000, 0x00000000a1f80000, 0x00000000e0900000)
  object space 5632K, 94% used [0x00000000a1a00000,0x00000000a1f390e8,0x00000000a1f80000)
 Metaspace       used 7316K, capacity 8180K, committed 8448K, reserved 1056768K
  class space    used 893K, capacity 944K, committed 1024K, reserved 1048576K
}

